<?xml version="1.0" encoding="UTF-8"?>
<testng-results skipped="0" failed="0" total="1" passed="1">
  <reporter-output>
  </reporter-output>
  <suite name="Default suite" duration-ms="2699" started-at="2015-02-18T01:09:51Z" finished-at="2015-02-18T01:09:54Z">
    <groups>
    </groups>
    <test name="Default test" duration-ms="2699" started-at="2015-02-18T01:09:51Z" finished-at="2015-02-18T01:09:54Z">
      <class name="hibernate.Test">
        <test-method status="PASS" signature="TestProperSimpleInversionCode()[pri:0, instance:hibernate.Test@1da5bfa]" name="TestProperSimpleInversionCode" duration-ms="2651" started-at="2015-02-17T22:09:52Z" finished-at="2015-02-17T22:09:54Z">
          <reporter-output>
          </reporter-output>
        </test-method> <!-- TestProperSimpleInversionCode -->
      </class> <!-- hibernate.Test -->
    </test> <!-- Default test -->
  </suite> <!-- Default suite -->
</testng-results>
